
                            < M A T L A B (R) >
                  Copyright 1984-2016 The MathWorks, Inc.
                   R2016b (9.1.0.441655) 64-bit (glnxa64)
                             September 7, 2016

 
For online documentation, see http://www.mathworks.com/support
For product information, visit www.mathworks.com.
 
Building with 'g++'.
MEX completed successfully.
Building with 'g++'.
MEX completed successfully.
Building with 'g++'.
MEX completed successfully.
Building with 'g++'.
MEX completed successfully.
Building with 'g++'.
MEX completed successfully.
Building with 'g++'.
MEX completed successfully.
Building with 'g++'.
MEX completed successfully.
Building with 'g++'.
MEX completed successfully.
Building with 'g++'.
MEX completed successfully.
Building with 'g++'.
MEX completed successfully.
Building with 'g++'.
MEX completed successfully.
Building with 'g++'.
MEX completed successfully.
Building with 'g++'.
MEX completed successfully.
Building with 'g++'.
MEX completed successfully.
Building with 'g++'.
MEX completed successfully.
Building with 'g++'.
MEX completed successfully.
Building with 'g++'.
In file included from /home/enijkamp/elm/matconvnet-1.0-beta16/matlab/src/bits/impl/imread_libjpeg.cpp:14:0:
/home/enijkamp/elm/matconvnet-1.0-beta16/matlab/src/bits/impl/imread_helpers.hpp:35:2: warning: #warning "SSSE3 instruction set not enabled. Using slower image conversion routines." [-Wcpp]
 #warning "SSSE3 instruction set not enabled. Using slower image conversion routines."
  ^

MEX completed successfully.
Building with 'g++'.
MEX completed successfully.
Building with 'g++'.
MEX completed successfully.
Building with 'g++'.
MEX completed successfully.
Building with 'g++'.
MEX completed successfully.
Building with 'g++'.
MEX completed successfully.
Building with 'g++'.
MEX completed successfully.
Building with 'gcc'.
MEX completed successfully.
Building with 'gcc'.
MEX completed successfully.
Building with 'gcc'.
MEX completed successfully.
Building with 'gcc'.
MEX completed successfully.
Building with 'gcc'.
MEX completed successfully.
Building with 'gcc'.
MEX completed successfully.

ELM Step 1 of 70
----
Finding local min
12.67 seconds 
----
Checking minimum membership
new min found (ID 2)
2.78 seconds 
----
{Error using save
Cannot create 'ELM.mat' because '../../maps/ivy2/512_2' does not exist.

Error in gen_ADELM (line 48)
        save([config.ELM_folder,config.ELM_str,'ELM.mat'],'ELM');
} 
>> 