
                            < M A T L A B (R) >
                  Copyright 1984-2016 The MathWorks, Inc.
                   R2016b (9.1.0.441655) 64-bit (glnxa64)
                             September 7, 2016

 
For online documentation, see http://www.mathworks.com/support
For product information, visit www.mathworks.com.
 
Training: epoch 01
Epoch 1 of 500, Batch 1 of 10 

 layer conv3:max response is 4.159668, min response is 0.000000.
max gradient is 6.209692, min gradient is -0.006081, learning rate is 0.000500

 layer conv2:max response is 20.792351, min response is 0.000000.
max gradient is 0.009522, min gradient is -0.010027, learning rate is 0.000500

 layer conv1:max response is 42.207027, min response is 0.000000.
max gradient is 0.002815, min gradient is -0.003324, learning rate is 0.000500
Net2: layer convt3:max response is 0.000617, min response is -0.000787.
max gradient is 2.785231, min gradient is -8.000000, learning rate is 0.001000
Net2: layer convt2:max response is 0.009713, min response is -0.002234.
max gradient is 1.316952, min gradient is -1.133774, learning rate is 0.001000
Net2: layer convt1:max response is 0.098626, min response is -0.020673.
max gradient is 1.836072, min gradient is -1.763152, learning rate is 0.001000
max inferred z is 3.45, min inferred z is -3.09, and std is 1.02
    3.7476

 
Epoch 1 of 500, Batch 2 of 10 

 layer conv3:max response is 14.484162, min response is 4.440758.
max gradient is 7.820315, min gradient is -0.016633, learning rate is 0.000500

 layer conv2:max response is 20.516918, min response is 0.000000.
max gradient is 0.016047, min gradient is -0.010222, learning rate is 0.000500

 layer conv1:max response is 48.670120, min response is 0.000000.
max gradient is 0.003428, min gradient is -0.005194, learning rate is 0.000500
Net2: layer convt3:max response is 0.010634, min response is -0.027067.
max gradient is 2.773541, min gradient is -8.000000, learning rate is 0.001000
Net2: layer convt2:max response is 0.028033, min response is -0.005307.
max gradient is 8.000000, min gradient is -0.502993, learning rate is 0.001000
Net2: layer convt1:max response is 0.104870, min response is -0.021255.
max gradient is 6.888127, min gradient is -8.000000, learning rate is 0.001000
max inferred z is 2.76, min inferred z is -2.70, and std is 0.98
    2.6941

 
Epoch 1 of 500, Batch 3 of 10 

 layer conv3:max response is 30.383802, min response is 21.540667.
max gradient is 8.147947, min gradient is -0.012460, learning rate is 0.000500

 layer conv2:max response is 21.368383, min response is 0.000000.
max gradient is 0.029675, min gradient is -0.005055, learning rate is 0.000500

 layer conv1:max response is 49.854527, min response is 0.000000.
max gradient is 0.007726, min gradient is -0.008819, learning rate is 0.000500
Net2: layer convt3:max response is 0.064537, min response is -0.174886.
max gradient is 2.804165, min gradient is -8.000000, learning rate is 0.001000
Net2: layer convt2:max response is 0.098985, min response is -0.007227.
max gradient is 8.000000, min gradient is -0.635276, learning rate is 0.001000
Net2: layer convt1:max response is 0.120197, min response is -0.025712.
max gradient is 6.386506, min gradient is -8.000000, learning rate is 0.001000
max inferred z is 3.59, min inferred z is -2.79, and std is 0.99
    2.6560

 
Epoch 1 of 500, Batch 4 of 10 

 layer conv3:max response is 58.453335, min response is 37.830818.
max gradient is 8.443252, min gradient is -0.010569, learning rate is 0.000500

 layer conv2:max response is 21.865475, min response is 0.000000.
max gradient is 0.049946, min gradient is -0.005061, learning rate is 0.000500

 layer conv1:max response is 41.962925, min response is 0.000000.
max gradient is 0.014584, min gradient is -0.014825, learning rate is 0.000500
Net2: layer convt3:max response is 0.235122, min response is -0.590690.
max gradient is 2.897521, min gradient is -8.000000, learning rate is 0.001000
Net2: layer convt2:max response is 0.255414, min response is -0.008765.
max gradient is 8.000000, min gradient is -0.495240, learning rate is 0.001000
Net2: layer convt1:max response is 0.169442, min response is -0.027250.
max gradient is 7.633665, min gradient is -8.000000, learning rate is 0.001000
max inferred z is 3.04, min inferred z is -2.74, and std is 1.02
    2.6602

 
Epoch 1 of 500, Batch 5 of 10 

 layer conv3:max response is 88.190475, min response is 62.090946.
max gradient is 8.386429, min gradient is -0.012024, learning rate is 0.000500

 layer conv2:max response is 25.721176, min response is 0.000000.
max gradient is 0.068567, min gradient is -0.003090, learning rate is 0.000500

 layer conv1:max response is 44.148190, min response is 0.000000.
max gradient is 0.024441, min gradient is -0.018875, learning rate is 0.000500
Net2: layer convt3:max response is 0.546325, min response is -0.944569.
max gradient is 3.434515, min gradient is -8.000000, learning rate is 0.001000
Net2: layer convt2:max response is 0.549281, min response is -0.010164.
max gradient is 1.125049, min gradient is -8.000000, learning rate is 0.001000
Net2: layer convt1:max response is 0.247079, min response is -0.023954.
max gradient is 7.503816, min gradient is -8.000000, learning rate is 0.001000
max inferred z is 3.19, min inferred z is -3.65, and std is 1.05
    2.6587

 
Epoch 1 of 500, Batch 6 of 10 

 layer conv3:max response is 120.161278, min response is 87.536354.
max gradient is 9.482697, min gradient is -0.013227, learning rate is 0.000500

 layer conv2:max response is 21.647966, min response is 0.000000.
max gradient is 0.093124, min gradient is -0.002556, learning rate is 0.000500

 layer conv1:max response is 41.356339, min response is 0.000000.
max gradient is 0.030731, min gradient is -0.025690, learning rate is 0.000500
Net2: layer convt3:max response is 0.373201, min response is -0.925000.
max gradient is 4.683381, min gradient is -8.000000, learning rate is 0.001000
Net2: layer convt2:max response is 0.476965, min response is -0.010138.
max gradient is 0.412200, min gradient is -8.000000, learning rate is 0.001000
Net2: layer convt1:max response is 0.199615, min response is -0.021465.
max gradient is 6.523009, min gradient is -8.000000, learning rate is 0.001000
max inferred z is 2.80, min inferred z is -3.04, and std is 0.98
    2.6536

 
Epoch 1 of 500, Batch 7 of 10 

 layer conv3:max response is 166.577606, min response is 122.111954.
max gradient is 10.413212, min gradient is -0.007035, learning rate is 0.000500

 layer conv2:max response is 28.036493, min response is 0.000000.
max gradient is 0.123452, min gradient is -0.002622, learning rate is 0.000500

 layer conv1:max response is 49.368828, min response is 0.000000.
max gradient is 0.040402, min gradient is -0.035462, learning rate is 0.000500
Net2: layer convt3:max response is 0.258741, min response is -0.798482.
max gradient is 5.664293, min gradient is -8.000000, learning rate is 0.001000
Net2: layer convt2:max response is 0.351790, min response is -0.010146.
max gradient is 8.000000, min gradient is -0.549888, learning rate is 0.001000
Net2: layer convt1:max response is 0.200389, min response is -0.021394.
max gradient is 8.000000, min gradient is -4.969587, learning rate is 0.001000
max inferred z is 2.94, min inferred z is -2.26, and std is 0.96
    2.6599

 
Epoch 1 of 500, Batch 8 of 10 

 layer conv3:max response is 240.065125, min response is 160.136581.
max gradient is 11.032845, min gradient is -0.007864, learning rate is 0.000500

 layer conv2:max response is 24.163153, min response is 0.000000.
max gradient is 0.152228, min gradient is -0.002422, learning rate is 0.000500

 layer conv1:max response is 50.309998, min response is 0.000000.
max gradient is 0.055581, min gradient is -0.046034, learning rate is 0.000500
Net2: layer convt3:max response is 0.322127, min response is -0.797074.
max gradient is 7.639727, min gradient is -8.000000, learning rate is 0.001000
Net2: layer convt2:max response is 0.366289, min response is -0.010689.
max gradient is 0.428511, min gradient is -8.000000, learning rate is 0.001000
Net2: layer convt1:max response is 0.262166, min response is -0.023421.
max gradient is 6.842284, min gradient is -8.000000, learning rate is 0.001000
max inferred z is 3.10, min inferred z is -3.11, and std is 1.05
    2.6578

 
Epoch 1 of 500, Batch 9 of 10 

 layer conv3:max response is 303.880981, min response is 230.642517.
max gradient is 13.293738, min gradient is -0.006205, learning rate is 0.000500

 layer conv2:max response is 26.953079, min response is 0.000000.
max gradient is 0.197925, min gradient is -0.002348, learning rate is 0.000500

 layer conv1:max response is 49.573540, min response is 0.000000.
max gradient is 0.067874, min gradient is -0.062039, learning rate is 0.000500
Net2: layer convt3:max response is 0.252576, min response is -0.631766.
max gradient is 2.869428, min gradient is -8.000000, learning rate is 0.001000
Net2: layer convt2:max response is 0.248044, min response is -0.010308.
max gradient is 8.000000, min gradient is -0.514510, learning rate is 0.001000
Net2: layer convt1:max response is 0.222073, min response is -0.026609.
max gradient is 3.848038, min gradient is -8.000000, learning rate is 0.001000
max inferred z is 2.69, min inferred z is -2.85, and std is 1.05
    2.6586

 
Epoch 1 of 500, Batch 10 of 10 

 layer conv3:max response is 417.767059, min response is 358.727661.
max gradient is 17.088152, min gradient is -0.024105, learning rate is 0.000500

 layer conv2:max response is 30.329023, min response is 0.000000.
max gradient is 0.272930, min gradient is -0.003130, learning rate is 0.000500

 layer conv1:max response is 49.749062, min response is 0.000000.
max gradient is 0.119510, min gradient is -0.060221, learning rate is 0.000500
Net2: layer convt3:max response is 0.311099, min response is -0.715682.
max gradient is 4.878284, min gradient is -8.000000, learning rate is 0.001000
Net2: layer convt2:max response is 0.281909, min response is -0.010780.
max gradient is 0.408405, min gradient is -8.000000, learning rate is 0.001000
Net2: layer convt1:max response is 0.227870, min response is -0.027327.
max gradient is 8.000000, min gradient is -6.518606, learning rate is 0.001000
max inferred z is 2.71, min inferred z is -3.21, and std is 0.98
    2.6416

 
 27.70 s (1.2 data/s)
Loss: 0.048128
Training: epoch 02
Epoch 2 of 500, Batch 1 of 10 

 layer conv3:max response is 550.804077, min response is 419.775970.
max gradient is 18.609558, min gradient is -0.008687, learning rate is 0.000500

 layer conv2:max response is 31.230480, min response is 0.000000.
max gradient is 0.279741, min gradient is -0.002204, learning rate is 0.000500

 layer conv1:max response is 49.949139, min response is 0.000000.
max gradient is 0.107745, min gradient is -0.100401, learning rate is 0.000500
Net2: layer convt3:max response is 0.222798, min response is -0.662962.
max gradient is 8.000000, min gradient is -3.510669, learning rate is 0.000995
Net2: layer convt2:max response is 0.233998, min response is -0.011850.
max gradient is 8.000000, min gradient is -0.538099, learning rate is 0.000995
Net2: layer convt1:max response is 0.239613, min response is -0.026585.
max gradient is 7.645219, min gradient is -8.000000, learning rate is 0.000995
max inferred z is 2.74, min inferred z is -3.09, and std is 0.95
    2.6054

 
Epoch 2 of 500, Batch 2 of 10 

 layer conv3:max response is 843.747681, min response is 570.311829.
max gradient is 20.000000, min gradient is -0.007089, learning rate is 0.000500

 layer conv2:max response is 34.433681, min response is 0.000000.
max gradient is 0.313467, min gradient is -0.001755, learning rate is 0.000500

 layer conv1:max response is 42.222271, min response is 0.000000.
max gradient is 0.162678, min gradient is -0.121292, learning rate is 0.000500
Net2: layer convt3:max response is 0.298797, min response is -0.776131.
max gradient is 8.000000, min gradient is -3.953754, learning rate is 0.000995
Net2: layer convt2:max response is 0.310737, min response is -0.012959.
max gradient is 0.372112, min gradient is -8.000001, learning rate is 0.000995
Net2: layer convt1:max response is 0.241821, min response is -0.026817.
max gradient is 4.950111, min gradient is -8.000000, learning rate is 0.000995
max inferred z is 3.42, min inferred z is -2.83, and std is 0.99
    2.6835

 
Epoch 2 of 500, Batch 3 of 10 

 layer conv3:max response is 1123.213257, min response is 810.385864.
max gradient is 19.999998, min gradient is -0.005436, learning rate is 0.000500

 layer conv2:max response is 39.027016, min response is 0.000000.
max gradient is 0.406566, min gradient is -0.002212, learning rate is 0.000500

 layer conv1:max response is 42.337925, min response is 0.000000.
max gradient is 0.196996, min gradient is -0.172765, learning rate is 0.000500
Net2: layer convt3:max response is 0.259551, min response is -0.626997.
max gradient is 3.821287, min gradient is -8.000000, learning rate is 0.000995
Net2: layer convt2:max response is 0.222762, min response is -0.010969.
max gradient is 8.000000, min gradient is -0.521972, learning rate is 0.000995
Net2: layer convt1:max response is 0.221366, min response is -0.029260.
max gradient is 7.516985, min gradient is -8.000000, learning rate is 0.000995
max inferred z is 2.45, min inferred z is -3.39, and std is 0.96
    2.6595

 
Epoch 2 of 500, Batch 4 of 10 

 layer conv3:max response is 1625.028931, min response is 1062.469238.
max gradient is 20.000000, min gradient is -0.003489, learning rate is 0.000500

 layer conv2:max response is 45.176762, min response is 0.000000.
max gradient is 0.466954, min gradient is -0.002185, learning rate is 0.000500

 layer conv1:max response is 51.925667, min response is 0.000000.
max gradient is 0.240626, min gradient is -0.224411, learning rate is 0.000500
Net2: layer convt3:max response is 0.328548, min response is -0.715635.
max gradient is 4.169426, min gradient is -8.000000, learning rate is 0.000995
Net2: layer convt2:max response is 0.268286, min response is -0.012803.
max gradient is 0.381055, min gradient is -8.000000, learning rate is 0.000995
Net2: layer convt1:max response is 0.258574, min response is -0.041466.
max gradient is 5.383176, min gradient is -8.000000, learning rate is 0.000995
max inferred z is 3.80, min inferred z is -3.04, and std is 1.05
    2.6596

 
Epoch 2 of 500, Batch 5 of 10 

 layer conv3:max response is 2148.887207, min response is 1614.930664.
max gradient is 20.000000, min gradient is -0.005216, learning rate is 0.000500

 layer conv2:max response is 55.830063, min response is 0.000000.
max gradient is 0.536734, min gradient is -0.001749, learning rate is 0.000500

 layer conv1:max response is 46.441460, min response is 0.000000.
max gradient is 0.329205, min gradient is -0.299476, learning rate is 0.000500
Net2: layer convt3:max response is 0.202330, min response is -0.611191.
max gradient is 8.000000, min gradient is -5.405547, learning rate is 0.000995
Net2: layer convt2:max response is 0.207638, min response is -0.011038.
max gradient is 8.000000, min gradient is -0.561852, learning rate is 0.000995
Net2: layer convt1:max response is 0.239987, min response is -0.038310.
max gradient is 8.000000, min gradient is -4.540983, learning rate is 0.000995
max inferred z is 3.01, min inferred z is -3.01, and std is 1.01
    2.6591

 
Epoch 2 of 500, Batch 6 of 10 

 layer conv3:max response is 3092.889160, min response is 2026.567017.
max gradient is 19.999998, min gradient is -0.004409, learning rate is 0.000500

 layer conv2:max response is 71.010391, min response is 0.000000.
max gradient is 0.630030, min gradient is -0.001747, learning rate is 0.000500

 layer conv1:max response is 53.199207, min response is 0.000000.
max gradient is 0.429972, min gradient is -0.397679, learning rate is 0.000500
Net2: layer convt3:max response is 0.281189, min response is -0.726138.
max gradient is 8.000000, min gradient is -5.767903, learning rate is 0.000995
Net2: layer convt2:max response is 0.263518, min response is -0.011161.
max gradient is 0.394834, min gradient is -8.000000, learning rate is 0.000995
Net2: layer convt1:max response is 0.256053, min response is -0.038864.
max gradient is 6.566834, min gradient is -8.000000, learning rate is 0.000995
max inferred z is 3.10, min inferred z is -3.08, and std is 1.01
    2.6595

 
Epoch 2 of 500, Batch 7 of 10 

 layer conv3:max response is 4046.442871, min response is 2872.541260.
max gradient is 19.999998, min gradient is -0.003678, learning rate is 0.000500

 layer conv2:max response is 78.595894, min response is 0.000000.
max gradient is 0.776745, min gradient is -0.001505, learning rate is 0.000500

 layer conv1:max response is 50.942257, min response is 0.000000.
max gradient is 0.564632, min gradient is -0.496847, learning rate is 0.000500
Net2: layer convt3:max response is 0.226810, min response is -0.645067.
max gradient is 6.414115, min gradient is -8.000000, learning rate is 0.000995
Net2: layer convt2:max response is 0.225323, min response is -0.011825.
max gradient is 8.000000, min gradient is -0.539391, learning rate is 0.000995
Net2: layer convt1:max response is 0.241659, min response is -0.040572.
max gradient is 6.149689, min gradient is -8.000000, learning rate is 0.000995
max inferred z is 3.74, min inferred z is -3.28, and std is 1.06
    2.6600

 
Epoch 2 of 500, Batch 8 of 10 

 layer conv3:max response is 5613.083008, min response is 3538.693115.
max gradient is 20.000000, min gradient is -0.002874, learning rate is 0.000500

 layer conv2:max response is 94.017014, min response is 0.000000.
max gradient is 0.887130, min gradient is -0.001418, learning rate is 0.000500

 layer conv1:max response is 57.227871, min response is 0.000000.
max gradient is 0.655217, min gradient is -0.701178, learning rate is 0.000500
Net2: layer convt3:max response is 0.363486, min response is -0.765759.
max gradient is 6.346019, min gradient is -8.000000, learning rate is 0.000995
Net2: layer convt2:max response is 0.302911, min response is -0.012626.
max gradient is 0.427614, min gradient is -8.000000, learning rate is 0.000995
Net2: layer convt1:max response is 0.273308, min response is -0.033688.
max gradient is 8.000000, min gradient is -4.473421, learning rate is 0.000995
max inferred z is 2.66, min inferred z is -2.82, and std is 1.03
    2.6605

 
Epoch 2 of 500, Batch 9 of 10 

 layer conv3:max response is 7019.924316, min response is 4888.034180.
max gradient is 20.000000, min gradient is -0.001195, learning rate is 0.000500

 layer conv2:max response is 120.263618, min response is 0.000000.
max gradient is 1.126176, min gradient is -0.001331, learning rate is 0.000500

 layer conv1:max response is 50.938602, min response is 0.000000.
max gradient is 0.920687, min gradient is -0.798132, learning rate is 0.000500
Net2: layer convt3:max response is 0.237979, min response is -0.672238.
max gradient is 8.000000, min gradient is -5.811509, learning rate is 0.000995
Net2: layer convt2:max response is 0.237806, min response is -0.011447.
max gradient is 8.000000, min gradient is -0.544236, learning rate is 0.000995
Net2: layer convt1:max response is 0.227669, min response is -0.045952.
max gradient is 5.341571, min gradient is -8.000000, learning rate is 0.000995
max inferred z is 3.32, min inferred z is -3.06, and std is 0.98
    2.6592

 
Epoch 2 of 500, Batch 10 of 10 

 layer conv3:max response is 8880.609375, min response is 7516.010254.
max gradient is 20.000000, min gradient is -0.003395, learning rate is 0.000500

 layer conv2:max response is 146.579163, min response is 0.000000.
max gradient is 1.493080, min gradient is -0.003378, learning rate is 0.000500

 layer conv1:max response is 52.431881, min response is 0.000000.
max gradient is 1.280568, min gradient is -1.011329, learning rate is 0.000500
Net2: layer convt3:max response is 0.299238, min response is -0.723203.
max gradient is 6.101921, min gradient is -8.000000, learning rate is 0.000995
Net2: layer convt2:max response is 0.259454, min response is -0.011180.
max gradient is 0.475475, min gradient is -8.000000, learning rate is 0.000995
Net2: layer convt1:max response is 0.216835, min response is -0.039992.
max gradient is 4.778044, min gradient is -8.000000, learning rate is 0.000995
max inferred z is 3.00, min inferred z is -3.69, and std is 0.92
    2.6420

 
 26.56 s (1.2 data/s)
Loss: 0.048253
Training: epoch 03
Epoch 3 of 500, Batch 1 of 10 

 layer conv3:max response is 13340.152344, min response is 8719.856445.
max gradient is 20.000000, min gradient is -0.001118, learning rate is 0.000500

 layer conv2:max response is 197.509262, min response is 0.000000.
max gradient is 1.631261, min gradient is -0.002821, learning rate is 0.000500

 layer conv1:max response is 60.520931, min response is 0.000000.
max gradient is 1.556738, min gradient is -1.256947, learning rate is 0.000500
Net2: layer convt3:max response is 0.230508, min response is -0.661192.
max gradient is 8.000000, min gradient is -4.949992, learning rate is 0.000991
Net2: layer convt2:max response is 0.221660, min response is -0.011958.
max gradient is 8.000000, min gradient is -0.570998, learning rate is 0.000991
Net2: layer convt1:max response is 0.265974, min response is -0.035632.
max gradient is 8.000000, min gradient is -5.799600, learning rate is 0.000991
max inferred z is 3.33, min inferred z is -2.44, and std is 1.01
    2.6108

 
Epoch 3 of 500, Batch 2 of 10 

 layer conv3:max response is 18982.078125, min response is 11952.413086.
max gradient is 20.000000, min gradient is -0.001197, learning rate is 0.000500

 layer conv2:max response is 258.813232, min response is 0.000000.
max gradient is 1.722137, min gradient is -0.001875, learning rate is 0.000500

 layer conv1:max response is 75.148003, min response is 0.000000.
max gradient is 1.648568, min gradient is -1.853620, learning rate is 0.000500
Net2: layer convt3:max response is 0.345274, min response is -0.776721.
max gradient is 5.934278, min gradient is -8.000000, learning rate is 0.000991
Net2: layer convt2:max response is 0.303697, min response is -0.012556.
max gradient is 0.332095, min gradient is -8.000000, learning rate is 0.000991
Net2: layer convt1:max response is 0.307751, min response is -0.037387.
max gradient is 3.639866, min gradient is -8.000000, learning rate is 0.000991
max inferred z is 3.12, min inferred z is -3.98, and std is 1.07
    2.6667

 
Epoch 3 of 500, Batch 3 of 10 

 layer conv3:max response is 28131.751953, min response is 16242.446289.
max gradient is 19.999998, min gradient is -0.000735, learning rate is 0.000500

 layer conv2:max response is 344.510590, min response is 0.000000.
max gradient is 2.286953, min gradient is -0.002589, learning rate is 0.000500

 layer conv1:max response is 82.190071, min response is 0.000000.
max gradient is 2.293194, min gradient is -2.141685, learning rate is 0.000500
Net2: layer convt3:max response is 0.208931, min response is -0.627395.
max gradient is 8.000000, min gradient is -6.328436, learning rate is 0.000991
Net2: layer convt2:max response is 0.207814, min response is -0.010992.
max gradient is 8.000000, min gradient is -0.624599, learning rate is 0.000991
Net2: layer convt1:max response is 0.232864, min response is -0.032753.
max gradient is 8.000000, min gradient is -6.263112, learning rate is 0.000991
max inferred z is 2.63, min inferred z is -2.84, and std is 0.98
    2.6665

 
Epoch 3 of 500, Batch 4 of 10 

 layer conv3:max response is 38912.875000, min response is 22841.095703.
max gradient is 20.000000, min gradient is -0.000588, learning rate is 0.000500

 layer conv2:max response is 513.664246, min response is 0.000000.
max gradient is 2.959214, min gradient is -0.004059, learning rate is 0.000500

 layer conv1:max response is 89.901314, min response is 0.000000.
max gradient is 3.011021, min gradient is -2.784957, learning rate is 0.000500
Net2: layer convt3:max response is 0.355476, min response is -0.786611.
max gradient is 5.828388, min gradient is -8.000000, learning rate is 0.000991
Net2: layer convt2:max response is 0.328760, min response is -0.011942.
max gradient is 0.381984, min gradient is -8.000000, learning rate is 0.000991
Net2: layer convt1:max response is 0.281726, min response is -0.036245.
max gradient is 8.000000, min gradient is -5.976369, learning rate is 0.000991
max inferred z is 3.13, min inferred z is -3.17, and std is 1.01
    2.6602

 
Epoch 3 of 500, Batch 5 of 10 

 layer conv3:max response is 58887.535156, min response is 31321.357422.
max gradient is 20.000000, min gradient is -0.000495, learning rate is 0.000500

 layer conv2:max response is 654.581055, min response is 0.000000.
max gradient is 3.434069, min gradient is -0.004962, learning rate is 0.000500

 layer conv1:max response is 129.936020, min response is 0.000000.
max gradient is 3.520056, min gradient is -3.492553, learning rate is 0.000500
Net2: layer convt3:max response is 0.227059, min response is -0.667423.
max gradient is 8.000000, min gradient is -5.890966, learning rate is 0.000991
Net2: layer convt2:max response is 0.239739, min response is -0.010950.
max gradient is 8.000000, min gradient is -0.558344, learning rate is 0.000991
Net2: layer convt1:max response is 0.266570, min response is -0.036600.
max gradient is 8.000000, min gradient is -7.788071, learning rate is 0.000991
max inferred z is 2.99, min inferred z is -2.56, and std is 0.98
    2.6556

 
Epoch 3 of 500, Batch 6 of 10 

 layer conv3:max response is 83161.484375, min response is 46514.859375.
max gradient is 20.000000, min gradient is -0.000367, learning rate is 0.000500

 layer conv2:max response is 893.966064, min response is 0.000000.
max gradient is 5.072465, min gradient is -0.004784, learning rate is 0.000500

 layer conv1:max response is 148.339386, min response is 0.000000.
max gradient is 5.040209, min gradient is -4.077188, learning rate is 0.000500
Net2: layer convt3:max response is 0.315161, min response is -0.733188.
max gradient is 5.269558, min gradient is -8.000000, learning rate is 0.000991
Net2: layer convt2:max response is 0.289076, min response is -0.011269.
max gradient is 0.521637, min gradient is -8.000000, learning rate is 0.000991
Net2: layer convt1:max response is 0.305109, min response is -0.045521.
max gradient is 7.824534, min gradient is -8.000000, learning rate is 0.000991
max inferred z is 3.25, min inferred z is -2.71, and std is 0.99
    2.6551

 
Epoch 3 of 500, Batch 7 of 10 
slurmstepd: *** JOB 11043577 ON comet-30-07 CANCELLED AT 2017-09-01T03:27:54 ***
